<?xml version="1.0" encoding="UTF-8"?>
<testsuite xmlns:xsi="http://www.w3.org/2001/XMLSchema-instance" xsi:noNamespaceSchemaLocation="https://maven.apache.org/surefire/maven-surefire-plugin/xsd/surefire-test-report-3.0.xsd" version="3.0" name="com.iset.ServiceOffreEmploi2ApplicationTests" time="6.856" tests="1" errors="0" skipped="0" failures="0">
  <properties>
[...]
</properties>
  <testcase name="contextLoads" classname="com.iset.ServiceOffreEmploi2ApplicationTests" time="0.715">
    <system-out><![CDATA[22:38:24.487 [main] INFO org.springframework.test.context.support.AnnotationConfigContextLoaderUtils -- Could not detect default configuration classes for test class [com.iset.ServiceOffreEmploi2ApplicationTests]: ServiceOffreEmploi2ApplicationTests does not declare any static, non-private, non-final, nested classes annotated with @Configuration.
22:38:24.620 [main] INFO org.springframework.boot.test.context.SpringBootTestContextBootstrapper -- Found @SpringBootConfiguration com.iset.ServiceOffreEmploi2Application for test class com.iset.ServiceOffreEmploi2ApplicationTests
22:38:24.898 [main] INFO org.springframework.boot.devtools.restart.RestartApplicationListener -- Restart disabled due to context in which it is running

  .   ____          _            __ _ _
 /\\ / ___'_ __ _ _(_)_ __  __ _ \ \ \ \
( ( )\___ | '_ | '_| | '_ \/ _` | \ \ \ \
 \\/  ___)| |_)| | | | | || (_| |  ) ) ) )
  '  |____| .__|_| |_|_| |_\__, | / / / /
 =========|_|==============|___/=/_/_/_/

 :: Spring Boot ::                (v3.3.4)

2024-10-15T22:38:25.238+01:00  INFO 24324 --- [           main] c.i.ServiceOffreEmploi2ApplicationTests  : Starting ServiceOffreEmploi2ApplicationTests using Java 23 with PID 24324 (started by elitebook in C:\Users\elitebook\Documents\workspace-spring-tool-suite-4-4.25.0.RELEASE\service-offreEmploi-2)
2024-10-15T22:38:25.240+01:00  INFO 24324 --- [           main] c.i.ServiceOffreEmploi2ApplicationTests  : No active profile set, falling back to 1 default profile: "default"
2024-10-15T22:38:26.060+01:00  INFO 24324 --- [           main] .s.d.r.c.RepositoryConfigurationDelegate : Bootstrapping Spring Data JPA repositories in DEFAULT mode.
2024-10-15T22:38:26.146+01:00  INFO 24324 --- [           main] .s.d.r.c.RepositoryConfigurationDelegate : Finished Spring Data repository scanning in 72 ms. Found 1 JPA repository interface.
2024-10-15T22:38:26.694+01:00  INFO 24324 --- [           main] com.zaxxer.hikari.HikariDataSource       : HikariPool-1 - Starting...
2024-10-15T22:38:27.028+01:00  INFO 24324 --- [           main] com.zaxxer.hikari.pool.HikariPool        : HikariPool-1 - Added connection conn0: url=jdbc:h2:mem:96f97329-c451-442c-8be0-68a1e092efe6 user=SA
2024-10-15T22:38:27.029+01:00  INFO 24324 --- [           main] com.zaxxer.hikari.HikariDataSource       : HikariPool-1 - Start completed.
2024-10-15T22:38:27.108+01:00  INFO 24324 --- [           main] o.hibernate.jpa.internal.util.LogHelper  : HHH000204: Processing PersistenceUnitInfo [name: default]
2024-10-15T22:38:27.200+01:00  INFO 24324 --- [           main] org.hibernate.Version                    : HHH000412: Hibernate ORM core version 6.5.3.Final
2024-10-15T22:38:27.244+01:00  INFO 24324 --- [           main] o.h.c.internal.RegionFactoryInitiator    : HHH000026: Second-level cache disabled
2024-10-15T22:38:27.708+01:00  INFO 24324 --- [           main] o.s.o.j.p.SpringPersistenceUnitInfo      : No LoadTimeWeaver setup: ignoring JPA class transformer
2024-10-15T22:38:28.685+01:00  INFO 24324 --- [           main] o.h.e.t.j.p.i.JtaPlatformInitiator       : HHH000489: No JTA platform available (set 'hibernate.transaction.jta.platform' to enable JTA platform integration)
2024-10-15T22:38:28.719+01:00  INFO 24324 --- [           main] j.LocalContainerEntityManagerFactoryBean : Initialized JPA EntityManagerFactory for persistence unit 'default'
2024-10-15T22:38:29.309+01:00  WARN 24324 --- [           main] JpaBaseConfiguration$JpaWebConfiguration : spring.jpa.open-in-view is enabled by default. Therefore, database queries may be performed during view rendering. Explicitly configure spring.jpa.open-in-view to disable this warning
2024-10-15T22:38:30.266+01:00  INFO 24324 --- [           main] c.i.ServiceOffreEmploi2ApplicationTests  : Started ServiceOffreEmploi2ApplicationTests in 5.387 seconds (process running for 7.116)
]]></system-out>
    <system-err><![CDATA[WARNING: A Java agent has been loaded dynamically (C:\Users\elitebook\.m2\repository\net\bytebuddy\byte-buddy-agent\1.14.19\byte-buddy-agent-1.14.19.jar)
WARNING: If a serviceability tool is in use, please run with -XX:+EnableDynamicAgentLoading to hide this warning
WARNING: If a serviceability tool is not in use, please run with -Djdk.instrument.traceUsage for more information
WARNING: Dynamic loading of agents will be disallowed by default in a future release
]]></system-err>
  </testcase>
</testsuite>